<?xml version="1.0" encoding="UTF-8"?>
<!-- Generated by org.testng.reporters.JUnitReportReporter -->
<testsuite hostname="MilanThakkar" failures="0" tests="4" name="facebookTest.LoginTest" time="18.955" errors="0" timestamp="2022-03-25T18:41:05 EDT" skipped="0">
  <testcase classname="facebookTest.LoginTest" name="loginPageTitleTest" time="4.080"/>
  <system-out/>
  <testcase classname="facebookTest.LoginTest" name="loginPageLogoTest" time="4.085"/>
  <system-out/>
  <testcase classname="facebookTest.LoginTest" name="loginCredentialTest" time="6.325"/>
  <system-out/>
  <testcase classname="facebookTest.LoginTest" name="verifySignUpTest" time="4.465"/>
  <system-out/>
</testsuite> <!-- facebookTest.LoginTest -->
